Unity Editor version:    2022.3.23f1 (dbb3f7c5b5c6)
Branch:                  2022.3/staging
Build type:              Release
Batch mode:              YES
macOS version:           Version 14.4 (Build 23E214)
Darwin version:          23.4.0
Architecture:            arm64
Running under Rosetta:   NO
Available memory:        18432 MB
Using pre-set license
Pro License: YES

COMMAND LINE ARGUMENTS:
/Applications/Unity/Hub/Editor/2022.3.23f1/Unity.app/Contents/MacOS/Unity
-adb2
-batchMode
-noUpm
-name
AssetImportWorker2
-projectPath
/Users/shimada/Desktop/Unity/original_shimacyan
-logFile
Logs/AssetImportWorker2.log
-srvPort
52400
Successfully changed project path to: /Users/shimada/Desktop/Unity/original_shimacyan
/Users/shimada/Desktop/Unity/original_shimacyan
[UnityMemory] Configuration Parameters - Can be set up in boot.config
    "memorysetup-bucket-allocator-granularity=16"
    "memorysetup-bucket-allocator-bucket-count=8"
    "memorysetup-bucket-allocator-block-size=33554432"
    "memorysetup-bucket-allocator-block-count=8"
    "memorysetup-main-allocator-block-size=16777216"
    "memorysetup-thread-allocator-block-size=16777216"
    "memorysetup-gfx-main-allocator-block-size=16777216"
    "memorysetup-gfx-thread-allocator-block-size=16777216"
    "memorysetup-cache-allocator-block-size=4194304"
    "memorysetup-typetree-allocator-block-size=2097152"
    "memorysetup-profiler-bucket-allocator-granularity=16"
    "memorysetup-profiler-bucket-allocator-bucket-count=8"
    "memorysetup-profiler-bucket-allocator-block-size=33554432"
    "memorysetup-profiler-bucket-allocator-block-count=8"
    "memorysetup-profiler-allocator-block-size=16777216"
    "memorysetup-profiler-editor-allocator-block-size=1048576"
    "memorysetup-temp-allocator-size-main=16777216"
    "memorysetup-job-temp-allocator-block-size=2097152"
    "memorysetup-job-temp-allocator-block-size-background=1048576"
    "memorysetup-job-temp-allocator-reduction-small-platforms=262144"
    "memorysetup-allocator-temp-initial-block-size-main=262144"
    "memorysetup-allocator-temp-initial-block-size-worker=262144"
    "memorysetup-temp-allocator-size-background-worker=32768"
    "memorysetup-temp-allocator-size-job-worker=262144"
    "memorysetup-temp-allocator-size-preload-manager=33554432"
    "memorysetup-temp-allocator-size-nav-mesh-worker=65536"
    "memorysetup-temp-allocator-size-audio-worker=65536"
    "memorysetup-temp-allocator-size-cloud-worker=32768"
    "memorysetup-temp-allocator-size-gi-baking-worker=262144"
    "memorysetup-temp-allocator-size-gfx=262144"
Player connection [8189213376] Host "[IP] 192.168.0.36 [Port] 0 [Flags] 2 [Guid] 1071274497 [EditorId] 1071274497 [Version] 1048832 [Id] OSXEditor(0,shimadayuuseinoMacBook-Pro.local) [Debug] 1 [PackageName] OSXEditor [ProjectName] Editor" joined multi-casting on [225.0.0.222:54997]...

Player connection [8189213376] Host "[IP] 192.168.0.36 [Port] 0 [Flags] 2 [Guid] 1071274497 [EditorId] 1071274497 [Version] 1048832 [Id] OSXEditor(0,shimadayuuseinoMacBook-Pro.local) [Debug] 1 [PackageName] OSXEditor [ProjectName] Editor" joined alternative multi-casting on [225.0.0.222:34997]...

[Physics::Module] Initialized MultithreadedJobDispatcher with 11 workers.
Refreshing native plugins compatible for Editor in 13.23 ms, found 3 plugins.
Preloading 0 native plugins for Editor in 0.00 ms.
Initialize engine version: 2022.3.23f1 (dbb3f7c5b5c6)
[Subsystems] Discovering subsystems at path /Applications/Unity/Hub/Editor/2022.3.23f1/Unity.app/Contents/Resources/UnitySubsystems
[Subsystems] Discovering subsystems at path /Users/shimada/Desktop/Unity/original_shimacyan/Assets
GfxDevice: creating device client; threaded=0; jobified=0
 preferred device: Apple M3 Pro (high power)
Metal devices available: 1
0: Apple M3 Pro (high power)
Using device Apple M3 Pro (high power)
Initializing Metal device caps: Apple M3 Pro
Initialize mono
Mono path[0] = '/Applications/Unity/Hub/Editor/2022.3.23f1/Unity.app/Contents/Managed'
Mono path[1] = '/Applications/Unity/Hub/Editor/2022.3.23f1/Unity.app/Contents/MonoBleedingEdge/lib/mono/unityjit-macos'
Mono config path = '/Applications/Unity/Hub/Editor/2022.3.23f1/Unity.app/Contents/MonoBleedingEdge/etc'
Using monoOptions --debugger-agent=transport=dt_socket,embedding=1,server=y,suspend=n,address=127.0.0.1:56990
Begin MonoManager ReloadAssembly
Registering precompiled unity dll's ...
Register platform support module: /Applications/Unity/Hub/Editor/2022.3.23f1/PlaybackEngines/WebGLSupport/UnityEditor.WebGL.Extensions.dll
Register platform support module: /Applications/Unity/Hub/Editor/2022.3.23f1/Unity.app/Contents/PlaybackEngines/MacStandaloneSupport/UnityEditor.OSXStandalone.Extensions.dll
Registered in 0.002282 seconds.
- Loaded All Assemblies, in  0.202 seconds
Native extension for OSXStandalone target not found
Native extension for WebGL target not found
Mono: successfully reloaded assembly
- Finished resetting the current domain, in  0.132 seconds
Domain Reload Profiling: 334ms
	BeginReloadAssembly (66ms)
		ExecutionOrderSort (0ms)
		DisableScriptedObjects (0ms)
		BackupInstance (0ms)
		ReleaseScriptingObjects (0ms)
		CreateAndSetChildDomain (0ms)
	RebuildCommonClasses (19ms)
	RebuildNativeTypeToScriptingClass (7ms)
	initialDomainReloadingComplete (26ms)
	LoadAllAssembliesAndSetupDomain (84ms)
		LoadAssemblies (66ms)
		RebuildTransferFunctionScriptingTraits (0ms)
		AnalyzeDomain (83ms)
			TypeCache.Refresh (83ms)
				TypeCache.ScanAssembly (75ms)
			ScanForSourceGeneratedMonoScriptInfo (0ms)
			ResolveRequiredComponents (0ms)
	FinalizeReload (132ms)
		ReleaseScriptCaches (0ms)
		RebuildScriptCaches (0ms)
		SetupLoadedEditorAssemblies (101ms)
			LogAssemblyErrors (0ms)
			InitializePlatformSupportModulesInManaged (4ms)
			SetLoadedEditorAssemblies (3ms)
			RefreshPlugins (0ms)
			BeforeProcessingInitializeOnLoad (1ms)
			ProcessInitializeOnLoadAttributes (71ms)
			ProcessInitializeOnLoadMethodAttributes (22ms)
			AfterProcessingInitializeOnLoad (0ms)
			EditorAssembliesLoaded (0ms)
		ExecutionOrderSort2 (0ms)
		AwakeInstancesAfterBackupRestoration (0ms)
========================================================================
Worker process is ready to serve import requests
Begin MonoManager ReloadAssembly
- Loaded All Assemblies, in  0.367 seconds
Refreshing native plugins compatible for Editor in 0.99 ms, found 3 plugins.
Native extension for OSXStandalone target not found
Native extension for WebGL target not found
Package Manager log level set to [2]
[Package Manager] Server::EnsureServerProcessIsRunning -- launch failed, reason: Unity was launched with the -noUpm command-line argument
[Package Manager] UpmClient::Send -- Unable to send message (not connected to UPM process).
[Package Manager] Cannot connect to Unity Package Manager local server
Mono: successfully reloaded assembly
- Finished resetting the current domain, in  0.315 seconds
Domain Reload Profiling: 687ms
	BeginReloadAssembly (73ms)
		ExecutionOrderSort (0ms)
		DisableScriptedObjects (2ms)
		BackupInstance (0ms)
		ReleaseScriptingObjects (0ms)
		CreateAndSetChildDomain (14ms)
	RebuildCommonClasses (19ms)
	RebuildNativeTypeToScriptingClass (7ms)
	initialDomainReloadingComplete (18ms)
	LoadAllAssembliesAndSetupDomain (255ms)
		LoadAssemblies (184ms)
		RebuildTransferFunctionScriptingTraits (0ms)
		AnalyzeDomain (106ms)
			TypeCache.Refresh (92ms)
				TypeCache.ScanAssembly (74ms)
			ScanForSourceGeneratedMonoScriptInfo (9ms)
			ResolveRequiredComponents (4ms)
	FinalizeReload (316ms)
		ReleaseScriptCaches (0ms)
		RebuildScriptCaches (0ms)
		SetupLoadedEditorAssemblies (227ms)
			LogAssemblyErrors (0ms)
			InitializePlatformSupportModulesInManaged (2ms)
			SetLoadedEditorAssemblies (2ms)
			RefreshPlugins (0ms)
			BeforeProcessingInitializeOnLoad (28ms)
			ProcessInitializeOnLoadAttributes (178ms)
			ProcessInitializeOnLoadMethodAttributes (16ms)
			AfterProcessingInitializeOnLoad (1ms)
			EditorAssembliesLoaded (0ms)
		ExecutionOrderSort2 (0ms)
		AwakeInstancesAfterBackupRestoration (2ms)
Launching external process: /Applications/Unity/Hub/Editor/2022.3.23f1/Unity.app/Contents/Tools/UnityShaderCompiler
Launched and connected shader compiler UnityShaderCompiler after 0.03 seconds
Refreshing native plugins compatible for Editor in 1.16 ms, found 3 plugins.
Preloading 0 native plugins for Editor in 0.00 ms.
Unloading 4042 Unused Serialized files (Serialized files now loaded: 0)
Unloading 68 unused Assets / (198.5 KB). Loaded Objects now: 4502.
Memory consumption went from 150.5 MB to 150.3 MB.
Total: 2.711792 ms (FindLiveObjects: 0.122375 ms CreateObjectMapping: 0.043458 ms MarkObjects: 2.385667 ms  DeleteObjects: 0.159708 ms)

AssetImportParameters requested are different than current active one (requested -> active):
  custom:container-demuxer-ogg: 62fdf1f143b41e24485cea50d1cbac27 -> 
  custom:video-decoder-ogg-theora: a1e56fd34408186e4bbccfd4996cb3dc -> 
  custom:CustomObjectIndexerAttribute: 9a22284fe3817be447336de3de66b15e -> 
  custom:container-demuxer-webm: 4f35f7cbe854078d1ac9338744f61a02 -> 
  custom:container-muxer-webm: aa71ff27fc2769a1b78a27578f13a17b -> 
  custom:video-decoder-webm-vp8: 9c59270c3fd7afecdb556c50c9e8de78 -> 
  custom:SearchIndexIgnoredProperties: e643bd26f0fe6173181afceb89e7c659 -> 
  custom:AudioImporter_EditorPlatform: 3918e3fc78b5a79bad01e8451be0beb8 -> 
  custom:framework-osx-AVFoundation: e770b220cccbd017edd2c1fefb359320 -> 
  custom:video-encoder-webm-vp8: eb34c28f22e8b96e1ab97ce403110664 -> 
  custom:audio-decoder-ogg-vorbis: bf7c407c2cedff20999df2af8eb42d56 -> 
  custom:audio-encoder-webm-vorbis: bf7c407c2cedff20999df2af8eb42d56 -> 
========================================================================
Received Import Request.
  Time since last request: 5122.792228 seconds.
  path: Assets/HealthHeartSystem/Prefabs/HeartContainer.prefab
  artifactKey: Guid(677e3f20f0ab76a45bd59d5b73b0b446) Importer(2089858483,0ecaa5967403d082aa24f35e1b516d23)
Start importing Assets/HealthHeartSystem/Prefabs/HeartContainer.prefab using Guid(677e3f20f0ab76a45bd59d5b73b0b446) Importer(2089858483,0ecaa5967403d082aa24f35e1b516d23)  -> (artifact id: '0524120ffa2bfe69410d31dca08e2ba1') in 0.049529 seconds
Number of updated asset objects reloaded before import = 0
Number of asset objects unloaded after import = 12
========================================================================
Received Import Request.
  Time since last request: 0.000026 seconds.
  path: Assets/Nine Pines Animation/2D Character Sprite Animation - Penguin/Animations/penguin_jump.anim
  artifactKey: Guid(aa96c6ddc55f84c43870123e1123538f) Importer(2089858483,0ecaa5967403d082aa24f35e1b516d23)
Start importing Assets/Nine Pines Animation/2D Character Sprite Animation - Penguin/Animations/penguin_jump.anim using Guid(aa96c6ddc55f84c43870123e1123538f) Importer(2089858483,0ecaa5967403d082aa24f35e1b516d23)  -> (artifact id: '1de7f3aa4987300964c404dbd4a3d5a6') in 0.004994 seconds
Number of updated asset objects reloaded before import = 0
Number of asset objects unloaded after import = 1
========================================================================
Received Import Request.
  Time since last request: 0.000078 seconds.
  path: Assets/Scenes/3.unity
  artifactKey: Guid(ac1453d3fc7eb4d1fbaacbdfd496371c) Importer(2089858483,0ecaa5967403d082aa24f35e1b516d23)
Start importing Assets/Scenes/3.unity using Guid(ac1453d3fc7eb4d1fbaacbdfd496371c) Importer(2089858483,0ecaa5967403d082aa24f35e1b516d23)  -> (artifact id: '5c81d4161fa7459f8965e73a488a8791') in 0.000817 seconds
Number of updated asset objects reloaded before import = 0
Number of asset objects unloaded after import = 1
========================================================================
Received Import Request.
  Time since last request: 0.000074 seconds.
  path: Assets/Nine Pines Animation/2D Character Sprite Animation - Penguin/Animations/penguin_slide.anim
  artifactKey: Guid(e2622b65f313b464da95af6abc1a1929) Importer(2089858483,0ecaa5967403d082aa24f35e1b516d23)
Start importing Assets/Nine Pines Animation/2D Character Sprite Animation - Penguin/Animations/penguin_slide.anim using Guid(e2622b65f313b464da95af6abc1a1929) Importer(2089858483,0ecaa5967403d082aa24f35e1b516d23)  -> (artifact id: 'fc45c66cbf71727838d643234518be88') in 0.002359 seconds
Number of updated asset objects reloaded before import = 0
Number of asset objects unloaded after import = 1
========================================================================
Received Import Request.
  Time since last request: 0.000051 seconds.
  path: Assets/GameOver.unity
  artifactKey: Guid(8234933f765a148e9a8a713e8341108f) Importer(2089858483,0ecaa5967403d082aa24f35e1b516d23)
Start importing Assets/GameOver.unity using Guid(8234933f765a148e9a8a713e8341108f) Importer(2089858483,0ecaa5967403d082aa24f35e1b516d23)  -> (artifact id: '066086611d0c3137880f233d779e4cde') in 0.000810 seconds
Number of updated asset objects reloaded before import = 0
Number of asset objects unloaded after import = 1
========================================================================
Received Import Request.
  Time since last request: 0.000059 seconds.
  path: Assets/HealthHeartSystem/readme.txt
  artifactKey: Guid(780e5d2cf97f26e4596b2505309867ff) Importer(2089858483,0ecaa5967403d082aa24f35e1b516d23)
Start importing Assets/HealthHeartSystem/readme.txt using Guid(780e5d2cf97f26e4596b2505309867ff) Importer(2089858483,0ecaa5967403d082aa24f35e1b516d23)  -> (artifact id: 'dfc80dd336266c9e87bb661e72a7e7be') in 0.000840 seconds
Number of updated asset objects reloaded before import = 0
Number of asset objects unloaded after import = 1
========================================================================
Received Import Request.
  Time since last request: 0.000062 seconds.
  path: Assets/HealthHeartSystem/Fonts/TinyUnicode.ttf
  artifactKey: Guid(f385d0af027fa3b4c88d921455a73928) Importer(2089858483,0ecaa5967403d082aa24f35e1b516d23)
Start importing Assets/HealthHeartSystem/Fonts/TinyUnicode.ttf using Guid(f385d0af027fa3b4c88d921455a73928) Importer(2089858483,0ecaa5967403d082aa24f35e1b516d23)  -> (artifact id: '3711c4ed9f2b5d996f5d17183195efff') in 0.008981 seconds
Number of updated asset objects reloaded before import = 0
Number of asset objects unloaded after import = 3
========================================================================
Received Import Request.
  Time since last request: 0.000026 seconds.
  path: Assets/Nine Pines Animation/2D Character Sprite Animation - Penguin/sprites/penguin_atack_03.png
  artifactKey: Guid(3aa8bb72e976c5c4bbe8f41513c4df8f) Importer(2089858483,0ecaa5967403d082aa24f35e1b516d23)
Start importing Assets/Nine Pines Animation/2D Character Sprite Animation - Penguin/sprites/penguin_atack_03.png using Guid(3aa8bb72e976c5c4bbe8f41513c4df8f) Importer(2089858483,0ecaa5967403d082aa24f35e1b516d23)  -> (artifact id: 'fc35c3cd493ff925ed5bc8aa24aadbcf') in 0.020877 seconds
Number of updated asset objects reloaded before import = 0
Number of asset objects unloaded after import = 3
========================================================================
Received Import Request.
  Time since last request: 0.000032 seconds.
  path: Assets/Nine Pines Animation/2D Character Sprite Animation - Penguin/sprites/penguin_preslide_01.png
  artifactKey: Guid(1b5f6e65e18ef0849bc5f9aa181467c1) Importer(2089858483,0ecaa5967403d082aa24f35e1b516d23)
Start importing Assets/Nine Pines Animation/2D Character Sprite Animation - Penguin/sprites/penguin_preslide_01.png using Guid(1b5f6e65e18ef0849bc5f9aa181467c1) Importer(2089858483,0ecaa5967403d082aa24f35e1b516d23)  -> (artifact id: '13c06813a7ad1701190e38a3ec43798d') in 0.006138 seconds
Number of updated asset objects reloaded before import = 0
Number of asset objects unloaded after import = 3
========================================================================
Received Import Request.
  Time since last request: 0.000049 seconds.
  path: Assets/Nine Pines Animation/2D Character Sprite Animation - Penguin/sprites/penguin_walk_05.png
  artifactKey: Guid(46f53a456f6630c48939a8e43d1dd3d8) Importer(2089858483,0ecaa5967403d082aa24f35e1b516d23)
Start importing Assets/Nine Pines Animation/2D Character Sprite Animation - Penguin/sprites/penguin_walk_05.png using Guid(46f53a456f6630c48939a8e43d1dd3d8) Importer(2089858483,0ecaa5967403d082aa24f35e1b516d23)  -> (artifact id: 'bb7066bef515e94e134c37b70f6d1356') in 0.006369 seconds
Number of updated asset objects reloaded before import = 0
Number of asset objects unloaded after import = 3
========================================================================
Received Import Request.
  Time since last request: 0.000039 seconds.
  path: Assets/Material/blue.mat
  artifactKey: Guid(5de5596ba0db3471996d0f2e5c4d4bfe) Importer(2089858483,0ecaa5967403d082aa24f35e1b516d23)
Start importing Assets/Material/blue.mat using Guid(5de5596ba0db3471996d0f2e5c4d4bfe) Importer(2089858483,0ecaa5967403d082aa24f35e1b516d23)  -> (artifact id: '26a0d483ba3f4074ebc8be7cd73fcf98') in 0.003532 seconds
Number of updated asset objects reloaded before import = 0
Number of asset objects unloaded after import = 1
========================================================================
Received Import Request.
  Time since last request: 0.000052 seconds.
  path: Assets/HealthHeartSystem/Scripts/PlayerStats.cs
  artifactKey: Guid(ec0b64c0b1dccc64d91eee52d85267bd) Importer(2089858483,0ecaa5967403d082aa24f35e1b516d23)
Start importing Assets/HealthHeartSystem/Scripts/PlayerStats.cs using Guid(ec0b64c0b1dccc64d91eee52d85267bd) Importer(2089858483,0ecaa5967403d082aa24f35e1b516d23)  -> (artifact id: '70fa21ad45ec31b50e01ddeda997e135') in 0.001691 seconds
Number of updated asset objects reloaded before import = 0
Number of asset objects unloaded after import = 1
========================================================================
Received Import Request.
  Time since last request: 0.000061 seconds.
  path: Assets/Nine Pines Animation/2D Character Sprite Animation - Penguin/Animations/penguin_atack.anim
  artifactKey: Guid(7c356b3a4c5d72b4f8e005424e32c688) Importer(2089858483,0ecaa5967403d082aa24f35e1b516d23)
Start importing Assets/Nine Pines Animation/2D Character Sprite Animation - Penguin/Animations/penguin_atack.anim using Guid(7c356b3a4c5d72b4f8e005424e32c688) Importer(2089858483,0ecaa5967403d082aa24f35e1b516d23)  -> (artifact id: 'ddf3858cf5e82fc733fe58039ffb9045') in 0.002434 seconds
Number of updated asset objects reloaded before import = 0
Number of asset objects unloaded after import = 1
========================================================================
Received Import Request.
  Time since last request: 0.000053 seconds.
  path: Assets/babamoji1007（最新版）/readme_en.txt
  artifactKey: Guid(8262447f2e2cc4e3bb8a09b858b0ab85) Importer(2089858483,0ecaa5967403d082aa24f35e1b516d23)
Start importing Assets/babamoji1007（最新版）/readme_en.txt using Guid(8262447f2e2cc4e3bb8a09b858b0ab85) Importer(2089858483,0ecaa5967403d082aa24f35e1b516d23)  -> (artifact id: '862206be85322e4a609ef38a5e61b5c1') in 0.001277 seconds
Number of updated asset objects reloaded before import = 0
Number of asset objects unloaded after import = 1
========================================================================
Received Import Request.
  Time since last request: 0.000073 seconds.
  path: Assets/Nine Pines Animation/2D Character Sprite Animation - Penguin/Animations/penguin_slide_01.controller
  artifactKey: Guid(b2dba765b85bb1b49972dfde33e19b2e) Importer(2089858483,0ecaa5967403d082aa24f35e1b516d23)
Start importing Assets/Nine Pines Animation/2D Character Sprite Animation - Penguin/Animations/penguin_slide_01.controller using Guid(b2dba765b85bb1b49972dfde33e19b2e) Importer(2089858483,0ecaa5967403d082aa24f35e1b516d23)  -> (artifact id: 'efa0b9db0d6b594eb63159f9a94c4393') in 0.001613 seconds
Number of updated asset objects reloaded before import = 0
Number of asset objects unloaded after import = 4
========================================================================
Received Import Request.
  Time since last request: 0.000056 seconds.
  path: Assets/mini-heart_1.controller
  artifactKey: Guid(85a2f8dcd6fd84b9589374acc80fae91) Importer(2089858483,0ecaa5967403d082aa24f35e1b516d23)
Start importing Assets/mini-heart_1.controller using Guid(85a2f8dcd6fd84b9589374acc80fae91) Importer(2089858483,0ecaa5967403d082aa24f35e1b516d23)  -> (artifact id: 'fb85243a4fdb92cfb435f8ffd68d33a5') in 0.001393 seconds
Number of updated asset objects reloaded before import = 0
Number of asset objects unloaded after import = 2
========================================================================
Received Import Request.
  Time since last request: 0.000201 seconds.
  path: Assets/Scripts/Title.cs
  artifactKey: Guid(d108fad72384c4df8beaca5d95dc2086) Importer(2089858483,0ecaa5967403d082aa24f35e1b516d23)
Start importing Assets/Scripts/Title.cs using Guid(d108fad72384c4df8beaca5d95dc2086) Importer(2089858483,0ecaa5967403d082aa24f35e1b516d23)  -> (artifact id: 'ee6da737ee3fc03a3641b00ca00b8345') in 0.001338 seconds
Number of updated asset objects reloaded before import = 0
Number of asset objects unloaded after import = 1
========================================================================
Received Import Request.
  Time since last request: 0.000110 seconds.
  path: Assets/babamoji1007（最新版）/BABAmoji.bdf
  artifactKey: Guid(4aaf5bf53f3e2421ebf37a595d37f41d) Importer(2089858483,0ecaa5967403d082aa24f35e1b516d23)
Start importing Assets/babamoji1007（最新版）/BABAmoji.bdf using Guid(4aaf5bf53f3e2421ebf37a595d37f41d) Importer(2089858483,0ecaa5967403d082aa24f35e1b516d23)  -> (artifact id: 'a5436a641f68e0ca6e42dbbc32d1779b') in 0.001123 seconds
Number of updated asset objects reloaded before import = 0
Number of asset objects unloaded after import = 1
========================================================================
Received Import Request.
  Time since last request: 0.000151 seconds.
  path: Assets/Nine Pines Animation/2D Character Sprite Animation - Penguin/sprites/penguin_walk_08.png
  artifactKey: Guid(b8cde0148568e5c46991e889cfc06f50) Importer(2089858483,0ecaa5967403d082aa24f35e1b516d23)
Start importing Assets/Nine Pines Animation/2D Character Sprite Animation - Penguin/sprites/penguin_walk_08.png using Guid(b8cde0148568e5c46991e889cfc06f50) Importer(2089858483,0ecaa5967403d082aa24f35e1b516d23)  -> (artifact id: '79cbe0e53ebaa8e276e5199329e3df08') in 0.006528 seconds
Number of updated asset objects reloaded before import = 0
Number of asset objects unloaded after import = 3
========================================================================
Received Import Request.
  Time since last request: 0.000023 seconds.
  path: Assets/Scenes/SampleScene.unity
  artifactKey: Guid(2cda990e2423bbf4892e6590ba056729) Importer(2089858483,0ecaa5967403d082aa24f35e1b516d23)
Start importing Assets/Scenes/SampleScene.unity using Guid(2cda990e2423bbf4892e6590ba056729) Importer(2089858483,0ecaa5967403d082aa24f35e1b516d23)  -> (artifact id: 'a9b01be5bcf0d9feef06512d6d1fc46c') in 0.003003 seconds
Number of updated asset objects reloaded before import = 0
Number of asset objects unloaded after import = 1
========================================================================
Received Import Request.
  Time since last request: 0.000040 seconds.
  path: Assets/New Animation.anim
  artifactKey: Guid(440065814bf95406dbe8ea131f6cbeb2) Importer(2089858483,0ecaa5967403d082aa24f35e1b516d23)
Start importing Assets/New Animation.anim using Guid(440065814bf95406dbe8ea131f6cbeb2) Importer(2089858483,0ecaa5967403d082aa24f35e1b516d23)  -> (artifact id: '170732986d618295291cbafaee193ff6') in 0.002617 seconds
Number of updated asset objects reloaded before import = 0
Number of asset objects unloaded after import = 1
========================================================================
Received Import Request.
  Time since last request: 0.000055 seconds.
  path: Assets/HealthHeartSystem/Scripts/HealthBarHUDTester.cs
  artifactKey: Guid(dcf2586f5b209a045af9dff869aa39f4) Importer(2089858483,0ecaa5967403d082aa24f35e1b516d23)
Start importing Assets/HealthHeartSystem/Scripts/HealthBarHUDTester.cs using Guid(dcf2586f5b209a045af9dff869aa39f4) Importer(2089858483,0ecaa5967403d082aa24f35e1b516d23)  -> (artifact id: '7d1d764e04a66bd3df37bd2af3f73770') in 0.001442 seconds
Number of updated asset objects reloaded before import = 0
Number of asset objects unloaded after import = 1
========================================================================
Received Import Request.
  Time since last request: 0.000064 seconds.
  path: Assets/Nine Pines Animation/2D Character Sprite Animation - Penguin/Animations/penguin_preslide.anim
  artifactKey: Guid(373bcc92838897b44a68d62102af5dfc) Importer(2089858483,0ecaa5967403d082aa24f35e1b516d23)
Start importing Assets/Nine Pines Animation/2D Character Sprite Animation - Penguin/Animations/penguin_preslide.anim using Guid(373bcc92838897b44a68d62102af5dfc) Importer(2089858483,0ecaa5967403d082aa24f35e1b516d23)  -> (artifact id: '46659f12248a3606760fdf2a670cb954') in 0.001702 seconds
Number of updated asset objects reloaded before import = 0
Number of asset objects unloaded after import = 1
========================================================================
Received Import Request.
  Time since last request: 0.000045 seconds.
  path: Assets/Scenes/Main.unity
  artifactKey: Guid(ef5e48a7498d64c6c8002dc3ca67f840) Importer(2089858483,0ecaa5967403d082aa24f35e1b516d23)
Start importing Assets/Scenes/Main.unity using Guid(ef5e48a7498d64c6c8002dc3ca67f840) Importer(2089858483,0ecaa5967403d082aa24f35e1b516d23)  -> (artifact id: '4bdfe5c479dda24665ebbf1a148b4791') in 0.001370 seconds
Number of updated asset objects reloaded before import = 0
Number of asset objects unloaded after import = 1
========================================================================
Received Import Request.
  Time since last request: 0.000054 seconds.
  path: Assets/Nine Pines Animation/2D Character Sprite Animation - Penguin/sprites/penguin_walk_03.png
  artifactKey: Guid(0da402cd4c165004fbce7ae0fe1e8368) Importer(2089858483,0ecaa5967403d082aa24f35e1b516d23)
Start importing Assets/Nine Pines Animation/2D Character Sprite Animation - Penguin/sprites/penguin_walk_03.png using Guid(0da402cd4c165004fbce7ae0fe1e8368) Importer(2089858483,0ecaa5967403d082aa24f35e1b516d23)  -> (artifact id: 'a5393304c1150eff2f4c22fe49cdd708') in 0.006185 seconds
Number of updated asset objects reloaded before import = 0
Number of asset objects unloaded after import = 3
========================================================================
Received Import Request.
  Time since last request: 0.000024 seconds.
  path: Assets/HealthHeartSystem/Scripts/HealthBarController.cs
  artifactKey: Guid(5c0f78e4acfe21a4594760304164796e) Importer(2089858483,0ecaa5967403d082aa24f35e1b516d23)
Start importing Assets/HealthHeartSystem/Scripts/HealthBarController.cs using Guid(5c0f78e4acfe21a4594760304164796e) Importer(2089858483,0ecaa5967403d082aa24f35e1b516d23)  -> (artifact id: '3e3dc4b6722c00b1e396ad6ab1e50337') in 0.001529 seconds
Number of updated asset objects reloaded before import = 0
Number of asset objects unloaded after import = 1
========================================================================
Received Import Request.
  Time since last request: 0.000058 seconds.
  path: Assets/ハートのマーク.png
  artifactKey: Guid(4f61d186334b145ed832b4bf12cabf5f) Importer(2089858483,0ecaa5967403d082aa24f35e1b516d23)
Start importing Assets/ハートのマーク.png using Guid(4f61d186334b145ed832b4bf12cabf5f) Importer(2089858483,0ecaa5967403d082aa24f35e1b516d23)  -> (artifact id: '8356a32082631d8a83ee1582b9406f88') in 0.006453 seconds
Number of updated asset objects reloaded before import = 0
Number of asset objects unloaded after import = 3
========================================================================
Received Import Request.
  Time since last request: 0.000026 seconds.
  path: Assets/Nine Pines Animation/2D Character Sprite Animation - Penguin/sprites/penguin_slide_03.png
  artifactKey: Guid(5b812e93c05ea4345a5924253cee070b) Importer(2089858483,0ecaa5967403d082aa24f35e1b516d23)
Start importing Assets/Nine Pines Animation/2D Character Sprite Animation - Penguin/sprites/penguin_slide_03.png using Guid(5b812e93c05ea4345a5924253cee070b) Importer(2089858483,0ecaa5967403d082aa24f35e1b516d23)  -> (artifact id: '6e05442fbae1fbf216f7efdcd5c5041e') in 0.007012 seconds
Number of updated asset objects reloaded before import = 0
Number of asset objects unloaded after import = 3
========================================================================
Received Import Request.
  Time since last request: 0.000030 seconds.
  path: Assets/prefabs/Bullet.prefab
  artifactKey: Guid(201eb5655dba4408987ba1582397c8ed) Importer(2089858483,0ecaa5967403d082aa24f35e1b516d23)
Start importing Assets/prefabs/Bullet.prefab using Guid(201eb5655dba4408987ba1582397c8ed) Importer(2089858483,0ecaa5967403d082aa24f35e1b516d23)  -> (artifact id: '28a58c92ad1e3b97a0eb87b4ae2b2243') in 0.011019 seconds
Number of updated asset objects reloaded before import = 0
Number of asset objects unloaded after import = 11
========================================================================
Received Import Request.
  Time since last request: 0.000034 seconds.
  path: Assets/Scripts/PlayerController.cs
  artifactKey: Guid(e93a616c9fba7429aa987d3b04ba762d) Importer(2089858483,0ecaa5967403d082aa24f35e1b516d23)
Start importing Assets/Scripts/PlayerController.cs using Guid(e93a616c9fba7429aa987d3b04ba762d) Importer(2089858483,0ecaa5967403d082aa24f35e1b516d23)  -> (artifact id: 'bc85a150f4602475f36363df29fa81ad') in 0.002053 seconds
Number of updated asset objects reloaded before import = 0
Number of asset objects unloaded after import = 1
========================================================================
Received Import Request.
  Time since last request: 0.000061 seconds.
  path: Assets/HealthHeartSystem/Scenes/ExampleSceneSettings.lighting
  artifactKey: Guid(f5aba6b858f404743a9f57a49721f974) Importer(2089858483,0ecaa5967403d082aa24f35e1b516d23)
Start importing Assets/HealthHeartSystem/Scenes/ExampleSceneSettings.lighting using Guid(f5aba6b858f404743a9f57a49721f974) Importer(2089858483,0ecaa5967403d082aa24f35e1b516d23) LightingSettings: switching bake backend from 2 to 0.
 -> (artifact id: '1ef7b9b45694188ba7e8352303888651') in 0.006480 seconds
Number of updated asset objects reloaded before import = 0
Number of asset objects unloaded after import = 1
========================================================================
Received Prepare
Refreshing native plugins compatible for Editor in 0.97 ms, found 3 plugins.
Preloading 0 native plugins for Editor in 0.00 ms.
Unloading 6 Unused Serialized files (Serialized files now loaded: 0)
Unloading 7 unused Assets / (155.1 KB). Loaded Objects now: 4503.
Memory consumption went from 89.0 MB to 88.9 MB.
Total: 2.592042 ms (FindLiveObjects: 0.112667 ms CreateObjectMapping: 0.040250 ms MarkObjects: 2.342125 ms  DeleteObjects: 0.096417 ms)

Prepare: number of updated asset objects reloaded= 0
AssetImportParameters requested are different than current active one (requested -> active):
  custom:container-demuxer-ogg: 62fdf1f143b41e24485cea50d1cbac27 -> 
  custom:video-decoder-ogg-theora: a1e56fd34408186e4bbccfd4996cb3dc -> 
  custom:CustomObjectIndexerAttribute: 9a22284fe3817be447336de3de66b15e -> 
  custom:container-demuxer-webm: 4f35f7cbe854078d1ac9338744f61a02 -> 
  custom:container-muxer-webm: aa71ff27fc2769a1b78a27578f13a17b -> 
  custom:video-decoder-webm-vp8: 9c59270c3fd7afecdb556c50c9e8de78 -> 
  custom:SearchIndexIgnoredProperties: e643bd26f0fe6173181afceb89e7c659 -> 
  custom:AudioImporter_EditorPlatform: 3918e3fc78b5a79bad01e8451be0beb8 -> 
  custom:framework-osx-AVFoundation: e770b220cccbd017edd2c1fefb359320 -> 
  custom:video-encoder-webm-vp8: eb34c28f22e8b96e1ab97ce403110664 -> 
  custom:audio-decoder-ogg-vorbis: bf7c407c2cedff20999df2af8eb42d56 -> 
  custom:audio-encoder-webm-vorbis: bf7c407c2cedff20999df2af8eb42d56 -> 
Editor requested this worker to shutdown with reason: Scaling down because of idle timeout
TcpMessagingSession - receive error: operation aborted. errorcode: 89, details: Operation aborted.
AssetImportWorker is now disconnected from the server
Process exiting
